<?xml version="1.0" encoding="UTF-8"?>
<testng-results skipped="0" failed="0" total="1" passed="1">
  <reporter-output>
  </reporter-output>
  <suite name="Default suite" duration-ms="62339" started-at="2018-11-30T09:27:14Z" finished-at="2018-11-30T09:28:16Z">
    <groups>
    </groups>
    <test name="Default test" duration-ms="62339" started-at="2018-11-30T09:27:14Z" finished-at="2018-11-30T09:28:16Z">
      <class name="myJenkins.Selenium.TestClass">
        <test-method status="PASS" signature="login()[pri:0, instance:myJenkins.Selenium.TestClass@77caeb3e]" name="login" is-config="true" duration-ms="59139" started-at="2018-11-30T14:57:14Z" finished-at="2018-11-30T14:58:13Z">
          <reporter-output>
          </reporter-output>
        </test-method> <!-- login -->
        <test-method status="PASS" signature="enterData()[pri:0, instance:myJenkins.Selenium.TestClass@77caeb3e]" name="enterData" duration-ms="2044" started-at="2018-11-30T14:58:13Z" finished-at="2018-11-30T14:58:15Z">
          <reporter-output>
          </reporter-output>
        </test-method> <!-- enterData -->
        <test-method status="PASS" signature="tearDown()[pri:0, instance:myJenkins.Selenium.TestClass@77caeb3e]" name="tearDown" is-config="true" duration-ms="1036" started-at="2018-11-30T14:58:15Z" finished-at="2018-11-30T14:58:16Z">
          <reporter-output>
          </reporter-output>
        </test-method> <!-- tearDown -->
      </class> <!-- myJenkins.Selenium.TestClass -->
    </test> <!-- Default test -->
  </suite> <!-- Default suite -->
</testng-results>
